Arguments: 
  /home/bruce/.nvm/versions/node/v12.18.3/bin/node /home/bruce/.nvm/versions/node/v12.18.3/bin/yarn add @commitlint/config-conventional @commitlint -D

PATH: 
  /home/bruce/.zinit/polaris/sbin:/home/bruce/.zinit/polaris/bin:/home/bruce/.nvm/versions/node/v12.18.3/bin:/home/bruce/bin:/usr/local/sbin:/usr/local/bin:/usr/sbin:/usr/bin:/sbin:/bin:/usr/games:/usr/local/games:/snap/bin:/home/bruce/Android/Sdk/emulator:/home/bruce/Android/Sdk/tools:/home/bruce/Android/Sdk/tools/bin:/home/bruce/Android/Sdk/platform-tools:/home/bruce/android-studio/bin:/home/bruce/Android/Sdk/emulator:/home/bruce/Android/Sdk/tools:/home/bruce/Android/Sdk/tools/bin:/home/bruce/Android/Sdk/platform-tools:/home/bruce/android-studio/bin

Yarn version: 
  1.22.4

Node version: 
  12.18.3

Platform: 
  linux x64

Trace: 
  Error: https://registry.yarnpkg.com/@commitlint: Request "https://registry.yarnpkg.com/@commitlint" returned a 405
      at Request.params.callback [as _callback] (/home/bruce/.nvm/versions/node/v12.18.3/lib/node_modules/yarn/lib/cli.js:66996:18)
      at Request.self.callback (/home/bruce/.nvm/versions/node/v12.18.3/lib/node_modules/yarn/lib/cli.js:140748:22)
      at Request.emit (events.js:315:20)
      at Request.<anonymous> (/home/bruce/.nvm/versions/node/v12.18.3/lib/node_modules/yarn/lib/cli.js:141720:10)
      at Request.emit (events.js:315:20)
      at IncomingMessage.<anonymous> (/home/bruce/.nvm/versions/node/v12.18.3/lib/node_modules/yarn/lib/cli.js:141642:12)
      at Object.onceWrapper (events.js:421:28)
      at IncomingMessage.emit (events.js:327:22)
      at endReadableNT (_stream_readable.js:1220:12)
      at processTicksAndRejections (internal/process/task_queues.js:84:21)

npm manifest: 
  {
    "name": "commitlint",
    "version": "1.0.0",
    "main": "index.js",
    "license": "MIT"
  }

yarn manifest: 
  No manifest

Lockfile: 
  No lockfile
